17-09-2023	07:48:36	17300	Starting Winspector
17-09-2023	07:48:36	17300	Checking for other instance
17-09-2023	07:48:36	17300	Finished checking for other instance
17-09-2023	07:48:36	17300	Loading settings
17-09-2023	07:48:36	17300	Finished loading settings
17-09-2023	07:48:36	17300	LoadStdProfileSettings
17-09-2023	07:48:36	17300	Creating doc/view templates
17-09-2023	07:48:36	17300	Creating mainframe
17-09-2023	07:48:37	17300	Showing the main window
17-09-2023	07:48:37	17300	Tracking the current instance
17-09-2023	07:48:37	17300	CMessageDecoder::LoadCustomMessages
17-09-2023	07:48:37	17300	Loading external messages file C:\Users\bacona\OneDrive - FM Global\AHK.Main\Winspector\xml-files\qhtm.messages
17-09-2023	07:48:37	17300	Attached to process C:\Users\bacona\OneDrive - FM Global\AHK.Main\Winspector\WinspectorU.exe
17-09-2023	07:48:37	17300	New watcher window 00011020
17-09-2023	07:48:37	17300	Sending message to corece windows alive
17-09-2023	07:48:37	19400	CMessageDecoder::LoadCustomMessages
17-09-2023	07:48:37	17048	CMessageDecoder::LoadCustomMessages
17-09-2023	07:48:37	17048	Attached to process C:\Program Files\FMGlobal\Horizon\hznHorizonMgr.exe
17-09-2023	07:48:37	5112	CMessageDecoder::LoadCustomMessages
17-09-2023	07:48:37	5112	Attached to process C:\Program Files\FMGlobal\Horizon\hznhorizon.exe
17-09-2023	07:48:37	19400	Attached to process C:\Program Files (x86)\Cisco\Cisco AnyConnect Secure Mobility Client\vpnui.exe
17-09-2023	07:48:37	15308	CMessageDecoder::LoadCustomMessages
17-09-2023	07:48:37	15308	Attached to process C:\Program Files (x86)\Cisco Systems\Cisco Jabber\CiscoJabber.exe
17-09-2023	07:48:37	17300	Started main hooks
17-09-2023	07:48:37	17300	Running watcher thread message loop
17-09-2023	07:49:00	17300	Add watch for window when created 003007ae - SSMenu
17-09-2023	07:49:00	5112	Adding window watch
17-09-2023	07:49:00	17300	Trying to add watch for window when one exists 003007ae
17-09-2023	07:49:00	5112	Adding watch for window 003007ae
17-09-2023	07:49:13	5112	Unknown message 0x00000090 sent to class SSMenu
17-09-2023	07:49:13	5112	Unknown message 0x00000090 sent to class SSMenu
17-09-2023	07:49:32	17300	Add watch for window when created 00091008 - SSMenu
17-09-2023	07:49:32	5112	Adding window watch
17-09-2023	07:49:32	17300	Trying to add watch for window when one exists 00091008
17-09-2023	07:49:32	5112	Adding watch for window 00091008
17-09-2023	07:49:56	5112	Unknown message 0x00000090 sent to class SSMenu
17-09-2023	07:49:56	5112	Unknown message 0x00000090 sent to class SSMenu
17-09-2023	07:50:14	17300	Add watch for window when created 00021034 - SSMenu
17-09-2023	07:50:14	5112	Adding window watch
17-09-2023	07:50:14	17300	Trying to add watch for window when one exists 00021034
17-09-2023	07:50:14	5112	Adding watch for window 00021034
17-09-2023	07:50:18	5112	Unknown message 0x00000090 sent to class SSMenu
17-09-2023	07:50:18	5112	Unknown message 0x00000090 sent to class SSMenu
17-09-2023	07:50:30	17300	Add watch for window when created 00031034 - SSMenu
17-09-2023	07:50:30	5112	Adding window watch
17-09-2023	07:50:30	17300	Trying to add watch for window when one exists 00031034
17-09-2023	07:50:30	5112	Adding watch for window 00031034
17-09-2023	07:50:30	5112	Unknown message 0x00000090 sent to class SSMenu
17-09-2023	07:50:30	5112	Unknown message 0x00000090 sent to class SSMenu
17-09-2023	07:50:30	17300	Add watch for window when created 00041034 - SSMenu
17-09-2023	07:50:30	5112	Adding window watch
17-09-2023	07:50:30	17300	Trying to add watch for window when one exists 00041034
17-09-2023	07:50:31	5112	Adding watch for window 00041034
17-09-2023	07:50:31	5112	Unknown message 0x00000090 sent to class SSMenu
17-09-2023	07:50:31	5112	Unknown message 0x00000090 sent to class SSMenu
17-09-2023	07:50:31	17300	Add watch for window when created 00051034 - SSMenu
17-09-2023	07:50:31	5112	Adding window watch
17-09-2023	07:50:31	17300	Trying to add watch for window when one exists 00051034
17-09-2023	07:50:31	5112	Adding watch for window 00051034
17-09-2023	07:50:31	5112	Unknown message 0x00000090 sent to class SSMenu
17-09-2023	07:50:31	5112	Unknown message 0x00000090 sent to class SSMenu
17-09-2023	07:50:31	17300	Add watch for window when created 00061034 - SSMenu
17-09-2023	07:50:31	5112	Adding window watch
17-09-2023	07:50:31	17300	Trying to add watch for window when one exists 00061034
17-09-2023	07:50:31	5112	Adding watch for window 00061034
17-09-2023	07:50:31	5112	Unknown message 0x00000090 sent to class SSMenu
17-09-2023	07:50:31	5112	Unknown message 0x00000090 sent to class SSMenu
17-09-2023	07:50:32	17300	Add watch for window when created 00071034 - SSMenu
17-09-2023	07:50:32	5112	Adding window watch
17-09-2023	07:50:32	17300	Trying to add watch for window when one exists 00071034
17-09-2023	07:50:32	5112	Adding watch for window 00071034
17-09-2023	07:50:34	5112	Unknown message 0x00000090 sent to class SSMenu
17-09-2023	07:50:34	5112	Unknown message 0x00000090 sent to class SSMenu
17-09-2023	07:50:34	17300	Add watch for window when created 00081034 - SSMenu
17-09-2023	07:50:34	5112	Adding window watch
17-09-2023	07:50:34	17300	Trying to add watch for window when one exists 00081034
17-09-2023	07:50:34	5112	Adding watch for window 00081034
17-09-2023	07:50:35	5112	Unknown message 0x00000090 sent to class SSMenu
17-09-2023	07:50:35	5112	Unknown message 0x00000090 sent to class SSMenu
17-09-2023	07:50:35	17300	Add watch for window when created 00091034 - SSMenu
17-09-2023	07:50:35	5112	Adding window watch
17-09-2023	07:50:35	17300	Trying to add watch for window when one exists 00091034
17-09-2023	07:50:35	5112	Adding watch for window 00091034
17-09-2023	07:50:40	5112	Unknown message 0x00000090 sent to class SSMenu
17-09-2023	07:50:40	5112	Unknown message 0x00000090 sent to class SSMenu
17-09-2023	07:50:44	19400	SendMessage timeout
17-09-2023	07:50:45	19400	SendMessage timeout
17-09-2023	07:50:53	19400	SendMessage timeout
17-09-2023	07:50:54	19400	SendMessage timeout
17-09-2023	07:51:26	14968	CMessageDecoder::LoadCustomMessages
17-09-2023	07:51:26	14968	Attached to process C:\WINDOWS\SysWOW64\DllHost.exe
17-09-2023	07:51:26	19476	CMessageDecoder::LoadCustomMessages
17-09-2023	07:51:26	19476	Attached to process C:\WINDOWS\SysWOW64\DllHost.exe
17-09-2023	07:51:29	17300	Add watch for window when created 000210cc - SSMenu
17-09-2023	07:51:29	5112	Adding window watch
17-09-2023	07:51:29	17300	Trying to add watch for window when one exists 000210cc
17-09-2023	07:51:29	5112	Adding watch for window 000210cc
17-09-2023	07:51:31	5112	Unknown message 0x00000164 sent to class SSMenu
17-09-2023	07:51:31	5112	Unknown message 0x00000164 sent to class SSMenu
17-09-2023	07:51:31	5112	Unknown message 0x00000164 sent to class SSMenu
17-09-2023	07:51:31	5112	Unknown message 0x00000164 sent to class SSMenu
17-09-2023	07:51:31	5112	Unknown message 0x00000164 sent to class SSMenu
17-09-2023	07:51:31	5112	Unknown message 0x00000164 sent to class SSMenu
17-09-2023	07:51:31	5112	Unknown message 0x00000164 sent to class SSMenu
17-09-2023	07:51:31	5112	Unknown message 0x00000164 sent to class SSMenu
17-09-2023	07:51:31	5112	Unknown message 0x00000164 sent to class SSMenu
17-09-2023	07:51:31	5112	Unknown message 0x00000164 sent to class SSMenu
17-09-2023	07:51:31	5112	Unknown message 0x00000164 sent to class SSMenu
17-09-2023	07:51:31	5112	Unknown message 0x00000164 sent to class SSMenu
17-09-2023	07:51:31	5112	Unknown message 0x00000164 sent to class SSMenu
17-09-2023	07:51:31	5112	Unknown message 0x00000164 sent to class SSMenu
17-09-2023	07:51:31	5112	Unknown message 0x00000164 sent to class SSMenu
17-09-2023	07:51:31	5112	Unknown message 0x00000164 sent to class SSMenu
17-09-2023	07:51:31	5112	Unknown message 0x00000164 sent to class SSMenu
17-09-2023	07:51:31	5112	Unknown message 0x00000164 sent to class SSMenu
17-09-2023	07:51:32	5112	Unknown message 0x00000164 sent to class SSMenu
17-09-2023	07:51:32	5112	Unknown message 0x00000164 sent to class SSMenu
17-09-2023	07:51:32	5112	Unknown message 0x00000164 sent to class SSMenu
17-09-2023	07:51:32	5112	Unknown message 0x00000164 sent to class SSMenu
17-09-2023	07:51:32	5112	Unknown message 0x00000164 sent to class SSMenu
17-09-2023	07:51:32	5112	Unknown message 0x00000164 sent to class SSMenu
17-09-2023	07:51:32	5112	Unknown message 0x00000164 sent to class SSMenu
17-09-2023	07:51:32	5112	Unknown message 0x00000164 sent to class SSMenu
17-09-2023	07:51:32	5112	Unknown message 0x00000164 sent to class SSMenu
17-09-2023	07:51:32	5112	Unknown message 0x00000164 sent to class SSMenu
17-09-2023	07:51:32	5112	Unknown message 0x00000164 sent to class SSMenu
17-09-2023	07:51:32	5112	Unknown message 0x00000164 sent to class SSMenu
17-09-2023	07:51:32	5112	Unknown message 0x00000164 sent to class SSMenu
17-09-2023	07:51:32	5112	Unknown message 0x00000164 sent to class SSMenu
17-09-2023	07:51:32	5112	Unknown message 0x00000164 sent to class SSMenu
17-09-2023	07:51:32	5112	Unknown message 0x00000164 sent to class SSMenu
17-09-2023	07:51:32	5112	Unknown message 0x00000164 sent to class SSMenu
17-09-2023	07:51:32	5112	Unknown message 0x00000164 sent to class SSMenu
17-09-2023	07:51:32	5112	Unknown message 0x00000164 sent to class SSMenu
17-09-2023	07:51:32	5112	Unknown message 0x00000164 sent to class SSMenu
17-09-2023	07:51:32	5112	Unknown message 0x00000164 sent to class SSMenu
17-09-2023	07:51:32	5112	Unknown message 0x00000164 sent to class SSMenu
17-09-2023	07:51:32	5112	Unknown message 0x00000164 sent to class SSMenu
17-09-2023	07:51:32	5112	Unknown message 0x00000164 sent to class SSMenu
17-09-2023	07:51:32	5112	Unknown message 0x00000164 sent to class SSMenu
17-09-2023	07:51:32	5112	Unknown message 0x00000164 sent to class SSMenu
17-09-2023	07:51:32	5112	Unknown message 0x00000164 sent to class SSMenu
17-09-2023	07:51:32	5112	Unknown message 0x00000164 sent to class SSMenu
17-09-2023	07:51:32	5112	Unknown message 0x00000164 sent to class SSMenu
17-09-2023	07:51:32	5112	Unknown message 0x00000164 sent to class SSMenu
17-09-2023	07:51:33	5112	Unknown message 0x00000164 sent to class SSMenu
17-09-2023	07:51:33	5112	Unknown message 0x00000164 sent to class SSMenu
17-09-2023	07:51:33	5112	Unknown message 0x00000164 sent to class SSMenu
17-09-2023	07:51:33	5112	Unknown message 0x00000164 sent to class SSMenu
17-09-2023	07:51:33	5112	Unknown message 0x00000164 sent to class SSMenu
17-09-2023	07:51:33	5112	Unknown message 0x00000164 sent to class SSMenu
17-09-2023	07:51:33	5112	Unknown message 0x00000164 sent to class SSMenu
17-09-2023	07:51:33	5112	Unknown message 0x00000164 sent to class SSMenu
17-09-2023	07:51:33	5112	Unknown message 0x00000164 sent to class SSMenu
17-09-2023	07:51:33	5112	Unknown message 0x00000164 sent to class SSMenu
17-09-2023	07:51:33	5112	Unknown message 0x00000164 sent to class SSMenu
17-09-2023	07:51:33	5112	Unknown message 0x00000164 sent to class SSMenu
17-09-2023	07:51:33	5112	Unknown message 0x00000164 sent to class SSMenu
17-09-2023	07:51:33	5112	Unknown message 0x00000164 sent to class SSMenu
17-09-2023	07:51:33	5112	Unknown message 0x00000164 sent to class SSMenu
17-09-2023	07:51:33	5112	Unknown message 0x00000164 sent to class SSMenu
17-09-2023	07:51:33	5112	Unknown message 0x00000164 sent to class SSMenu
17-09-2023	07:51:33	5112	Unknown message 0x00000164 sent to class SSMenu
17-09-2023	07:51:33	5112	Unknown message 0x00000164 sent to class SSMenu
17-09-2023	07:51:33	5112	Unknown message 0x00000164 sent to class SSMenu
17-09-2023	07:51:33	5112	Unknown message 0x00000164 sent to class SSMenu
17-09-2023	07:51:33	5112	Unknown message 0x00000164 sent to class SSMenu
17-09-2023	07:51:33	5112	Unknown message 0x00000164 sent to class SSMenu
17-09-2023	07:51:33	5112	Unknown message 0x00000164 sent to class SSMenu
17-09-2023	07:51:33	5112	Unknown message 0x00000164 sent to class SSMenu
17-09-2023	07:51:33	5112	Unknown message 0x00000164 sent to class SSMenu
17-09-2023	07:51:33	5112	Unknown message 0x00000164 sent to class SSMenu
17-09-2023	07:51:33	5112	Unknown message 0x00000164 sent to class SSMenu
17-09-2023	07:51:33	5112	Unknown message 0x00000164 sent to class SSMenu
17-09-2023	07:51:33	5112	Unknown message 0x00000164 sent to class SSMenu
17-09-2023	07:51:34	5112	Unknown message 0x00000164 sent to class SSMenu
17-09-2023	07:51:34	5112	Unknown message 0x00000164 sent to class SSMenu
17-09-2023	07:51:34	5112	Unknown message 0x00000164 sent to class SSMenu
17-09-2023	07:51:34	5112	Unknown message 0x00000164 sent to class SSMenu
17-09-2023	07:51:34	5112	Unknown message 0x00000164 sent to class SSMenu
17-09-2023	07:51:34	5112	Unknown message 0x00000164 sent to class SSMenu
17-09-2023	07:51:34	5112	Unknown message 0x00000164 sent to class SSMenu
17-09-2023	07:51:34	5112	Unknown message 0x00000164 sent to class SSMenu
17-09-2023	07:51:34	5112	Unknown message 0x00000164 sent to class SSMenu
17-09-2023	07:51:34	5112	Unknown message 0x00000164 sent to class SSMenu
17-09-2023	07:51:34	5112	Unknown message 0x00000164 sent to class SSMenu
17-09-2023	07:51:34	5112	Unknown message 0x00000164 sent to class SSMenu
17-09-2023	07:51:34	5112	Unknown message 0x00000164 sent to class SSMenu
17-09-2023	07:51:34	5112	Unknown message 0x00000164 sent to class SSMenu
17-09-2023	07:51:34	5112	Unknown message 0x00000164 sent to class SSMenu
17-09-2023	07:51:34	5112	Unknown message 0x00000164 sent to class SSMenu
17-09-2023	07:51:34	5112	Unknown message 0x00000164 sent to class SSMenu
17-09-2023	07:51:34	5112	Unknown message 0x00000164 sent to class SSMenu
17-09-2023	07:51:34	5112	Unknown message 0x00000164 sent to class SSMenu
17-09-2023	07:51:34	5112	Unknown message 0x00000164 sent to class SSMenu
17-09-2023	07:51:34	5112	Unknown message 0x00000164 sent to class SSMenu
17-09-2023	07:51:34	5112	Unknown message 0x00000164 sent to class SSMenu
17-09-2023	07:51:34	5112	Unknown message 0x00000164 sent to class SSMenu
17-09-2023	07:51:34	5112	Unknown message 0x00000164 sent to class SSMenu
17-09-2023	07:51:34	5112	Unknown message 0x00000164 sent to class SSMenu
17-09-2023	07:51:34	5112	Unknown message 0x00000164 sent to class SSMenu
17-09-2023	07:51:34	5112	Unknown message 0x00000164 sent to class SSMenu
17-09-2023	07:51:34	5112	Unknown message 0x00000164 sent to class SSMenu
17-09-2023	07:51:34	5112	Unknown message 0x00000164 sent to class SSMenu
17-09-2023	07:51:34	5112	Unknown message 0x00000164 sent to class SSMenu
17-09-2023	07:51:35	5112	Unknown message 0x00000164 sent to class SSMenu
17-09-2023	07:51:35	5112	Unknown message 0x00000164 sent to class SSMenu
17-09-2023	07:51:35	5112	Unknown message 0x00000164 sent to class SSMenu
17-09-2023	07:51:35	5112	Unknown message 0x00000164 sent to class SSMenu
17-09-2023	07:51:35	5112	Unknown message 0x00000164 sent to class SSMenu
17-09-2023	07:51:35	5112	Unknown message 0x00000164 sent to class SSMenu
17-09-2023	07:51:35	5112	Unknown message 0x00000164 sent to class SSMenu
17-09-2023	07:51:35	5112	Unknown message 0x00000164 sent to class SSMenu
17-09-2023	07:51:35	5112	Unknown message 0x00000164 sent to class SSMenu
17-09-2023	07:51:35	5112	Unknown message 0x00000164 sent to class SSMenu
17-09-2023	07:51:35	5112	Unknown message 0x00000164 sent to class SSMenu
17-09-2023	07:51:35	5112	Unknown message 0x00000164 sent to class SSMenu
17-09-2023	07:51:35	5112	Unknown message 0x00000164 sent to class SSMenu
17-09-2023	07:51:35	5112	Unknown message 0x00000164 sent to class SSMenu
17-09-2023	07:51:35	5112	Unknown message 0x00000164 sent to class SSMenu
17-09-2023	07:51:35	5112	Unknown message 0x00000164 sent to class SSMenu
17-09-2023	07:51:35	5112	Unknown message 0x00000164 sent to class SSMenu
17-09-2023	07:51:35	5112	Unknown message 0x00000164 sent to class SSMenu
17-09-2023	07:51:35	5112	Unknown message 0x00000164 sent to class SSMenu
17-09-2023	07:51:35	5112	Unknown message 0x00000164 sent to class SSMenu
17-09-2023	07:51:35	5112	Unknown message 0x00000164 sent to class SSMenu
17-09-2023	07:51:35	5112	Unknown message 0x00000164 sent to class SSMenu
17-09-2023	07:51:35	5112	Unknown message 0x00000164 sent to class SSMenu
17-09-2023	07:51:35	5112	Unknown message 0x00000164 sent to class SSMenu
17-09-2023	07:51:35	5112	Unknown message 0x00000164 sent to class SSMenu
17-09-2023	07:51:35	5112	Unknown message 0x00000164 sent to class SSMenu
17-09-2023	07:51:35	5112	Unknown message 0x00000164 sent to class SSMenu
17-09-2023	07:51:35	5112	Unknown message 0x00000164 sent to class SSMenu
17-09-2023	07:51:36	5112	Unknown message 0x00000164 sent to class SSMenu
17-09-2023	07:51:36	5112	Unknown message 0x00000164 sent to class SSMenu
17-09-2023	07:51:36	5112	Unknown message 0x00000164 sent to class SSMenu
17-09-2023	07:51:36	5112	Unknown message 0x00000164 sent to class SSMenu
17-09-2023	07:51:36	5112	Unknown message 0x00000164 sent to class SSMenu
17-09-2023	07:51:36	5112	Unknown message 0x00000164 sent to class SSMenu
17-09-2023	07:51:36	5112	Unknown message 0x00000164 sent to class SSMenu
17-09-2023	07:51:36	5112	Unknown message 0x00000164 sent to class SSMenu
17-09-2023	07:51:36	5112	Unknown message 0x00000164 sent to class SSMenu
17-09-2023	07:51:36	5112	Unknown message 0x00000164 sent to class SSMenu
17-09-2023	07:51:36	5112	Unknown message 0x00000164 sent to class SSMenu
17-09-2023	07:51:36	5112	Unknown message 0x00000164 sent to class SSMenu
17-09-2023	07:51:36	5112	Unknown message 0x00000164 sent to class SSMenu
17-09-2023	07:51:36	5112	Unknown message 0x00000164 sent to class SSMenu
17-09-2023	07:51:36	5112	Unknown message 0x00000164 sent to class SSMenu
17-09-2023	07:51:36	5112	Unknown message 0x00000164 sent to class SSMenu
17-09-2023	07:51:36	5112	Unknown message 0x00000164 sent to class SSMenu
17-09-2023	07:51:36	5112	Unknown message 0x00000164 sent to class SSMenu
17-09-2023	07:51:36	5112	Unknown message 0x00000164 sent to class SSMenu
17-09-2023	07:51:36	5112	Unknown message 0x00000164 sent to class SSMenu
17-09-2023	07:51:36	5112	Unknown message 0x00000164 sent to class SSMenu
17-09-2023	07:51:36	5112	Unknown message 0x00000164 sent to class SSMenu
17-09-2023	07:51:36	5112	Unknown message 0x00000164 sent to class SSMenu
17-09-2023	07:51:36	5112	Unknown message 0x00000164 sent to class SSMenu
17-09-2023	07:51:36	5112	Unknown message 0x00000164 sent to class SSMenu
17-09-2023	07:51:36	5112	Unknown message 0x00000164 sent to class SSMenu
17-09-2023	07:51:37	5112	Unknown message 0x00000164 sent to class SSMenu
17-09-2023	07:51:37	5112	Unknown message 0x00000164 sent to class SSMenu
17-09-2023	07:51:37	5112	Unknown message 0x00000164 sent to class SSMenu
17-09-2023	07:51:37	5112	Unknown message 0x00000164 sent to class SSMenu
17-09-2023	07:51:37	5112	Unknown message 0x00000164 sent to class SSMenu
17-09-2023	07:51:37	5112	Unknown message 0x00000164 sent to class SSMenu
17-09-2023	07:51:37	5112	Unknown message 0x00000164 sent to class SSMenu
17-09-2023	07:51:37	5112	Unknown message 0x00000164 sent to class SSMenu
17-09-2023	07:51:37	5112	Unknown message 0x00000164 sent to class SSMenu
17-09-2023	07:51:37	5112	Unknown message 0x00000164 sent to class SSMenu
17-09-2023	07:51:37	5112	Unknown message 0x00000164 sent to class SSMenu
17-09-2023	07:51:37	5112	Unknown message 0x00000164 sent to class SSMenu
17-09-2023	07:51:37	5112	Unknown message 0x00000164 sent to class SSMenu
17-09-2023	07:51:37	5112	Unknown message 0x00000164 sent to class SSMenu
17-09-2023	07:51:37	5112	Unknown message 0x00000164 sent to class SSMenu
17-09-2023	07:51:37	5112	Unknown message 0x00000164 sent to class SSMenu
17-09-2023	07:51:37	5112	Unknown message 0x00000164 sent to class SSMenu
17-09-2023	07:51:37	5112	Unknown message 0x00000164 sent to class SSMenu
17-09-2023	07:51:37	5112	Unknown message 0x00000164 sent to class SSMenu
17-09-2023	07:51:37	5112	Unknown message 0x00000164 sent to class SSMenu
17-09-2023	07:51:37	5112	Unknown message 0x00000164 sent to class SSMenu
17-09-2023	07:51:37	5112	Unknown message 0x00000164 sent to class SSMenu
17-09-2023	07:51:37	5112	Unknown message 0x00000164 sent to class SSMenu
17-09-2023	07:51:37	5112	Unknown message 0x00000164 sent to class SSMenu
17-09-2023	07:51:37	5112	Unknown message 0x00000164 sent to class SSMenu
17-09-2023	07:51:37	5112	Unknown message 0x00000164 sent to class SSMenu
17-09-2023	07:51:37	5112	Unknown message 0x00000164 sent to class SSMenu
17-09-2023	07:51:37	5112	Unknown message 0x00000164 sent to class SSMenu
17-09-2023	07:51:37	5112	Unknown message 0x00000164 sent to class SSMenu
17-09-2023	07:51:37	5112	Unknown message 0x00000164 sent to class SSMenu
17-09-2023	07:51:38	5112	Unknown message 0x00000164 sent to class SSMenu
17-09-2023	07:51:38	5112	Unknown message 0x00000164 sent to class SSMenu
17-09-2023	07:51:38	5112	Unknown message 0x00000164 sent to class SSMenu
17-09-2023	07:51:38	5112	Unknown message 0x00000164 sent to class SSMenu
17-09-2023	07:51:38	5112	Unknown message 0x00000164 sent to class SSMenu
17-09-2023	07:51:38	5112	Unknown message 0x00000164 sent to class SSMenu
17-09-2023	07:51:38	5112	Unknown message 0x00000164 sent to class SSMenu
17-09-2023	07:51:38	5112	Unknown message 0x00000164 sent to class SSMenu
17-09-2023	07:51:38	5112	Unknown message 0x00000164 sent to class SSMenu
17-09-2023	07:51:38	5112	Unknown message 0x00000164 sent to class SSMenu
17-09-2023	07:51:38	5112	Unknown message 0x00000164 sent to class SSMenu
17-09-2023	07:51:38	5112	Unknown message 0x00000164 sent to class SSMenu
17-09-2023	07:51:38	5112	Unknown message 0x00000164 sent to class SSMenu
17-09-2023	07:51:38	5112	Unknown message 0x00000164 sent to class SSMenu
17-09-2023	07:51:38	5112	Unknown message 0x00000164 sent to class SSMenu
17-09-2023	07:51:38	5112	Unknown message 0x00000164 sent to class SSMenu
17-09-2023	07:51:38	5112	Unknown message 0x00000164 sent to class SSMenu
17-09-2023	07:51:38	5112	Unknown message 0x00000164 sent to class SSMenu
17-09-2023	07:51:38	5112	Unknown message 0x00000164 sent to class SSMenu
17-09-2023	07:51:38	5112	Unknown message 0x00000164 sent to class SSMenu
17-09-2023	07:51:38	5112	Unknown message 0x00000164 sent to class SSMenu
17-09-2023	07:51:38	5112	Unknown message 0x00000164 sent to class SSMenu
17-09-2023	07:51:38	5112	Unknown message 0x00000164 sent to class SSMenu
17-09-2023	07:51:38	5112	Unknown message 0x00000164 sent to class SSMenu
17-09-2023	07:51:38	5112	Unknown message 0x00000164 sent to class SSMenu
17-09-2023	07:51:38	5112	Unknown message 0x00000164 sent to class SSMenu
17-09-2023	07:51:38	5112	Unknown message 0x00000164 sent to class SSMenu
17-09-2023	07:51:38	5112	Unknown message 0x00000164 sent to class SSMenu
17-09-2023	07:51:38	5112	Unknown message 0x00000164 sent to class SSMenu
17-09-2023	07:51:38	5112	Unknown message 0x00000164 sent to class SSMenu
17-09-2023	07:51:39	5112	Unknown message 0x00000164 sent to class SSMenu
17-09-2023	07:51:39	5112	Unknown message 0x00000164 sent to class SSMenu
17-09-2023	07:51:39	5112	Unknown message 0x00000164 sent to class SSMenu
17-09-2023	07:51:39	5112	Unknown message 0x00000164 sent to class SSMenu
17-09-2023	07:51:39	5112	Unknown message 0x00000164 sent to class SSMenu
17-09-2023	07:51:39	5112	Unknown message 0x00000164 sent to class SSMenu
17-09-2023	07:51:39	5112	Unknown message 0x00000164 sent to class SSMenu
17-09-2023	07:51:39	5112	Unknown message 0x00000164 sent to class SSMenu
17-09-2023	07:51:39	5112	Unknown message 0x00000164 sent to class SSMenu
17-09-2023	07:51:39	5112	Unknown message 0x00000164 sent to class SSMenu
17-09-2023	07:51:39	5112	Unknown message 0x00000164 sent to class SSMenu
17-09-2023	07:51:39	5112	Unknown message 0x00000164 sent to class SSMenu
17-09-2023	07:51:39	5112	Unknown message 0x00000164 sent to class SSMenu
17-09-2023	07:51:39	5112	Unknown message 0x00000164 sent to class SSMenu
17-09-2023	07:51:39	5112	Unknown message 0x00000164 sent to class SSMenu
17-09-2023	07:51:39	5112	Unknown message 0x00000164 sent to class SSMenu
17-09-2023	07:51:39	5112	Unknown message 0x00000164 sent to class SSMenu
17-09-2023	07:51:39	5112	Unknown message 0x00000164 sent to class SSMenu
17-09-2023	07:51:39	5112	Unknown message 0x00000164 sent to class SSMenu
17-09-2023	07:51:39	5112	Unknown message 0x00000164 sent to class SSMenu
17-09-2023	07:51:39	5112	Unknown message 0x00000164 sent to class SSMenu
17-09-2023	07:51:39	5112	Unknown message 0x00000164 sent to class SSMenu
17-09-2023	07:51:39	5112	Unknown message 0x00000164 sent to class SSMenu
17-09-2023	07:51:39	5112	Unknown message 0x00000164 sent to class SSMenu
17-09-2023	07:51:39	5112	Unknown message 0x00000164 sent to class SSMenu
17-09-2023	07:51:39	5112	Unknown message 0x00000164 sent to class SSMenu
17-09-2023	07:51:39	5112	Unknown message 0x00000164 sent to class SSMenu
17-09-2023	07:51:39	5112	Unknown message 0x00000164 sent to class SSMenu
17-09-2023	07:51:39	5112	Unknown message 0x00000164 sent to class SSMenu
17-09-2023	07:51:39	5112	Unknown message 0x00000164 sent to class SSMenu
17-09-2023	07:51:40	5112	Unknown message 0x00000164 sent to class SSMenu
17-09-2023	07:51:40	5112	Unknown message 0x00000164 sent to class SSMenu
17-09-2023	07:51:40	5112	Unknown message 0x00000164 sent to class SSMenu
17-09-2023	07:51:40	5112	Unknown message 0x00000164 sent to class SSMenu
17-09-2023	07:51:40	5112	Unknown message 0x00000164 sent to class SSMenu
17-09-2023	07:51:40	5112	Unknown message 0x00000164 sent to class SSMenu
17-09-2023	07:51:40	5112	Unknown message 0x00000164 sent to class SSMenu
17-09-2023	07:51:40	5112	Unknown message 0x00000164 sent to class SSMenu
17-09-2023	07:51:40	5112	Unknown message 0x00000164 sent to class SSMenu
17-09-2023	07:51:40	5112	Unknown message 0x00000164 sent to class SSMenu
17-09-2023	07:51:40	5112	Unknown message 0x00000164 sent to class SSMenu
17-09-2023	07:51:40	5112	Unknown message 0x00000164 sent to class SSMenu
17-09-2023	07:51:40	5112	Unknown message 0x00000164 sent to class SSMenu
17-09-2023	07:51:40	5112	Unknown message 0x00000164 sent to class SSMenu
17-09-2023	07:51:40	5112	Unknown message 0x00000164 sent to class SSMenu
17-09-2023	07:51:40	5112	Unknown message 0x00000164 sent to class SSMenu
17-09-2023	07:51:40	5112	Unknown message 0x00000164 sent to class SSMenu
17-09-2023	07:51:40	5112	Unknown message 0x00000164 sent to class SSMenu
17-09-2023	07:51:40	5112	Unknown message 0x00000164 sent to class SSMenu
17-09-2023	07:51:40	5112	Unknown message 0x00000164 sent to class SSMenu
17-09-2023	07:51:40	5112	Unknown message 0x00000164 sent to class SSMenu
17-09-2023	07:51:40	5112	Unknown message 0x00000164 sent to class SSMenu
17-09-2023	07:51:40	5112	Unknown message 0x00000164 sent to class SSMenu
17-09-2023	07:51:40	5112	Unknown message 0x00000164 sent to class SSMenu
17-09-2023	07:51:40	5112	Unknown message 0x00000164 sent to class SSMenu
17-09-2023	07:51:40	5112	Unknown message 0x00000164 sent to class SSMenu
17-09-2023	07:51:40	5112	Unknown message 0x00000164 sent to class SSMenu
17-09-2023	07:51:40	5112	Unknown message 0x00000164 sent to class SSMenu
17-09-2023	07:51:40	5112	Unknown message 0x00000164 sent to class SSMenu
17-09-2023	07:51:40	5112	Unknown message 0x00000164 sent to class SSMenu
17-09-2023	07:51:41	5112	Unknown message 0x00000164 sent to class SSMenu
17-09-2023	07:51:41	5112	Unknown message 0x00000164 sent to class SSMenu
17-09-2023	07:51:41	5112	Unknown message 0x00000164 sent to class SSMenu
17-09-2023	07:51:41	5112	Unknown message 0x00000164 sent to class SSMenu
17-09-2023	07:51:41	5112	Unknown message 0x00000164 sent to class SSMenu
17-09-2023	07:51:41	5112	Unknown message 0x00000164 sent to class SSMenu
17-09-2023	07:51:41	5112	Unknown message 0x00000164 sent to class SSMenu
17-09-2023	07:51:41	5112	Unknown message 0x00000164 sent to class SSMenu
17-09-2023	07:51:41	5112	Unknown message 0x00000164 sent to class SSMenu
17-09-2023	07:51:41	5112	Unknown message 0x00000164 sent to class SSMenu
17-09-2023	07:51:41	5112	Unknown message 0x00000164 sent to class SSMenu
17-09-2023	07:51:41	5112	Unknown message 0x00000164 sent to class SSMenu
17-09-2023	07:51:41	5112	Unknown message 0x00000164 sent to class SSMenu
17-09-2023	07:51:41	5112	Unknown message 0x00000164 sent to class SSMenu
17-09-2023	07:51:41	5112	Unknown message 0x00000164 sent to class SSMenu
17-09-2023	07:51:41	5112	Unknown message 0x00000164 sent to class SSMenu
17-09-2023	07:51:41	5112	Unknown message 0x00000164 sent to class SSMenu
17-09-2023	07:51:41	5112	Unknown message 0x00000164 sent to class SSMenu
17-09-2023	07:51:41	5112	Unknown message 0x00000164 sent to class SSMenu
17-09-2023	07:51:41	5112	Unknown message 0x00000164 sent to class SSMenu
17-09-2023	07:51:41	5112	Unknown message 0x00000164 sent to class SSMenu
17-09-2023	07:51:41	5112	Unknown message 0x00000164 sent to class SSMenu
17-09-2023	07:51:41	5112	Unknown message 0x00000164 sent to class SSMenu
17-09-2023	07:51:41	5112	Unknown message 0x00000164 sent to class SSMenu
17-09-2023	07:51:41	5112	Unknown message 0x00000164 sent to class SSMenu
17-09-2023	07:51:41	5112	Unknown message 0x00000164 sent to class SSMenu
17-09-2023	07:51:41	5112	Unknown message 0x00000164 sent to class SSMenu
17-09-2023	07:51:41	5112	Unknown message 0x00000164 sent to class SSMenu
17-09-2023	07:51:41	5112	Unknown message 0x00000164 sent to class SSMenu
17-09-2023	07:51:41	5112	Unknown message 0x00000164 sent to class SSMenu
17-09-2023	07:51:42	5112	Unknown message 0x00000164 sent to class SSMenu
17-09-2023	07:51:42	5112	Unknown message 0x00000164 sent to class SSMenu
17-09-2023	07:51:42	5112	Unknown message 0x00000164 sent to class SSMenu
17-09-2023	07:51:42	5112	Unknown message 0x00000164 sent to class SSMenu
17-09-2023	07:51:42	5112	Unknown message 0x00000164 sent to class SSMenu
17-09-2023	07:51:42	5112	Unknown message 0x00000164 sent to class SSMenu
17-09-2023	07:51:42	5112	Unknown message 0x00000164 sent to class SSMenu
17-09-2023	07:51:42	5112	Unknown message 0x00000164 sent to class SSMenu
17-09-2023	07:51:42	5112	Unknown message 0x00000164 sent to class SSMenu
17-09-2023	07:51:42	5112	Unknown message 0x00000164 sent to class SSMenu
17-09-2023	07:51:42	5112	Unknown message 0x00000164 sent to class SSMenu
17-09-2023	07:51:42	5112	Unknown message 0x00000164 sent to class SSMenu
17-09-2023	07:51:42	5112	Unknown message 0x00000164 sent to class SSMenu
17-09-2023	07:51:42	5112	Unknown message 0x00000164 sent to class SSMenu
17-09-2023	07:51:42	5112	Unknown message 0x00000164 sent to class SSMenu
17-09-2023	07:51:42	5112	Unknown message 0x00000164 sent to class SSMenu
17-09-2023	07:51:42	5112	Unknown message 0x00000164 sent to class SSMenu
17-09-2023	07:51:42	5112	Unknown message 0x00000164 sent to class SSMenu
17-09-2023	07:51:42	5112	Unknown message 0x00000164 sent to class SSMenu
17-09-2023	07:51:42	5112	Unknown message 0x00000164 sent to class SSMenu
17-09-2023	07:51:42	5112	Unknown message 0x00000164 sent to class SSMenu
17-09-2023	07:51:42	5112	Unknown message 0x00000164 sent to class SSMenu
17-09-2023	07:51:42	5112	Unknown message 0x00000164 sent to class SSMenu
17-09-2023	07:51:42	5112	Unknown message 0x00000164 sent to class SSMenu
17-09-2023	07:51:42	5112	Unknown message 0x00000164 sent to class SSMenu
17-09-2023	07:51:42	5112	Unknown message 0x00000164 sent to class SSMenu
17-09-2023	07:51:42	5112	Unknown message 0x00000164 sent to class SSMenu
17-09-2023	07:51:42	5112	Unknown message 0x00000164 sent to class SSMenu
17-09-2023	07:51:42	5112	Unknown message 0x00000164 sent to class SSMenu
17-09-2023	07:51:42	5112	Unknown message 0x00000164 sent to class SSMenu
17-09-2023	07:51:43	5112	Unknown message 0x00000164 sent to class SSMenu
17-09-2023	07:51:43	5112	Unknown message 0x00000164 sent to class SSMenu
17-09-2023	07:51:43	5112	Unknown message 0x00000164 sent to class SSMenu
17-09-2023	07:51:43	5112	Unknown message 0x00000164 sent to class SSMenu
17-09-2023	07:51:43	5112	Unknown message 0x00000164 sent to class SSMenu
17-09-2023	07:51:43	5112	Unknown message 0x00000164 sent to class SSMenu
17-09-2023	07:51:43	5112	Unknown message 0x00000164 sent to class SSMenu
17-09-2023	07:51:43	5112	Unknown message 0x00000164 sent to class SSMenu
17-09-2023	07:51:43	5112	Unknown message 0x00000164 sent to class SSMenu
17-09-2023	07:51:43	5112	Unknown message 0x00000164 sent to class SSMenu
17-09-2023	07:51:43	5112	Unknown message 0x00000164 sent to class SSMenu
17-09-2023	07:51:43	5112	Unknown message 0x00000164 sent to class SSMenu
17-09-2023	07:51:43	5112	Unknown message 0x00000164 sent to class SSMenu
17-09-2023	07:51:43	5112	Unknown message 0x00000164 sent to class SSMenu
17-09-2023	07:51:43	5112	Unknown message 0x00000164 sent to class SSMenu
17-09-2023	07:51:43	5112	Unknown message 0x00000164 sent to class SSMenu
17-09-2023	07:51:43	5112	Unknown message 0x00000164 sent to class SSMenu
17-09-2023	07:51:43	5112	Unknown message 0x00000164 sent to class SSMenu
17-09-2023	07:51:43	5112	Unknown message 0x00000164 sent to class SSMenu
17-09-2023	07:51:43	5112	Unknown message 0x00000164 sent to class SSMenu
17-09-2023	07:51:43	5112	Unknown message 0x00000164 sent to class SSMenu
17-09-2023	07:51:43	5112	Unknown message 0x00000164 sent to class SSMenu
17-09-2023	07:51:43	5112	Unknown message 0x00000164 sent to class SSMenu
17-09-2023	07:51:43	5112	Unknown message 0x00000164 sent to class SSMenu
17-09-2023	07:51:43	5112	Unknown message 0x00000164 sent to class SSMenu
17-09-2023	07:51:43	5112	Unknown message 0x00000164 sent to class SSMenu
17-09-2023	07:51:43	5112	Unknown message 0x00000164 sent to class SSMenu
17-09-2023	07:51:43	5112	Unknown message 0x00000164 sent to class SSMenu
17-09-2023	07:51:43	5112	Unknown message 0x00000164 sent to class SSMenu
17-09-2023	07:51:43	5112	Unknown message 0x00000164 sent to class SSMenu
17-09-2023	07:51:44	5112	Unknown message 0x00000164 sent to class SSMenu
17-09-2023	07:51:44	5112	Unknown message 0x00000164 sent to class SSMenu
17-09-2023	07:51:44	5112	Unknown message 0x00000164 sent to class SSMenu
17-09-2023	07:51:44	5112	Unknown message 0x00000164 sent to class SSMenu
17-09-2023	07:51:44	5112	Unknown message 0x00000164 sent to class SSMenu
17-09-2023	07:51:44	5112	Unknown message 0x00000164 sent to class SSMenu
17-09-2023	07:51:44	5112	Unknown message 0x00000164 sent to class SSMenu
17-09-2023	07:51:44	5112	Unknown message 0x00000164 sent to class SSMenu
17-09-2023	07:51:44	5112	Unknown message 0x00000164 sent to class SSMenu
17-09-2023	07:51:44	5112	Unknown message 0x00000164 sent to class SSMenu
17-09-2023	07:51:44	5112	Unknown message 0x00000164 sent to class SSMenu
17-09-2023	07:51:44	5112	Unknown message 0x00000164 sent to class SSMenu
17-09-2023	07:51:44	5112	Unknown message 0x00000164 sent to class SSMenu
17-09-2023	07:51:44	5112	Unknown message 0x00000164 sent to class SSMenu
17-09-2023	07:51:44	5112	Unknown message 0x00000164 sent to class SSMenu
17-09-2023	07:51:44	5112	Unknown message 0x00000164 sent to class SSMenu
17-09-2023	07:51:44	5112	Unknown message 0x00000164 sent to class SSMenu
17-09-2023	07:51:44	5112	Unknown message 0x00000164 sent to class SSMenu
17-09-2023	07:51:44	5112	Unknown message 0x00000164 sent to class SSMenu
17-09-2023	07:51:44	5112	Unknown message 0x00000164 sent to class SSMenu
17-09-2023	07:51:44	5112	Unknown message 0x00000164 sent to class SSMenu
17-09-2023	07:51:44	5112	Unknown message 0x00000164 sent to class SSMenu
17-09-2023	07:51:44	5112	Unknown message 0x00000164 sent to class SSMenu
17-09-2023	07:51:44	5112	Unknown message 0x00000164 sent to class SSMenu
17-09-2023	07:51:44	5112	Unknown message 0x00000164 sent to class SSMenu
17-09-2023	07:51:44	5112	Unknown message 0x00000164 sent to class SSMenu
17-09-2023	07:51:44	5112	Unknown message 0x00000164 sent to class SSMenu
17-09-2023	07:51:44	5112	Unknown message 0x00000164 sent to class SSMenu
17-09-2023	07:51:44	5112	Unknown message 0x00000164 sent to class SSMenu
17-09-2023	07:51:44	5112	Unknown message 0x00000164 sent to class SSMenu
17-09-2023	07:51:45	5112	Unknown message 0x00000164 sent to class SSMenu
17-09-2023	07:51:45	5112	Unknown message 0x00000164 sent to class SSMenu
17-09-2023	07:51:45	5112	Unknown message 0x00000164 sent to class SSMenu
17-09-2023	07:51:45	5112	Unknown message 0x00000164 sent to class SSMenu
17-09-2023	07:51:45	5112	Unknown message 0x00000164 sent to class SSMenu
17-09-2023	07:51:45	5112	Unknown message 0x00000164 sent to class SSMenu
17-09-2023	07:51:45	5112	Unknown message 0x00000164 sent to class SSMenu
17-09-2023	07:51:45	5112	Unknown message 0x00000164 sent to class SSMenu
17-09-2023	07:51:45	5112	Unknown message 0x00000164 sent to class SSMenu
17-09-2023	07:51:45	5112	Unknown message 0x00000164 sent to class SSMenu
17-09-2023	07:51:45	5112	Unknown message 0x00000164 sent to class SSMenu
17-09-2023	07:51:45	5112	Unknown message 0x00000164 sent to class SSMenu
17-09-2023	07:51:45	5112	Unknown message 0x00000164 sent to class SSMenu
17-09-2023	07:51:45	5112	Unknown message 0x00000164 sent to class SSMenu
17-09-2023	07:51:45	5112	Unknown message 0x00000164 sent to class SSMenu
17-09-2023	07:51:45	5112	Unknown message 0x00000164 sent to class SSMenu
17-09-2023	07:51:45	5112	Unknown message 0x00000164 sent to class SSMenu
17-09-2023	07:51:45	5112	Unknown message 0x00000164 sent to class SSMenu
17-09-2023	07:51:45	5112	Unknown message 0x00000164 sent to class SSMenu
17-09-2023	07:51:45	5112	Unknown message 0x00000164 sent to class SSMenu
17-09-2023	07:51:45	5112	Unknown message 0x00000164 sent to class SSMenu
17-09-2023	07:51:45	5112	Unknown message 0x00000164 sent to class SSMenu
17-09-2023	07:51:45	5112	Unknown message 0x00000164 sent to class SSMenu
17-09-2023	07:51:45	5112	Unknown message 0x00000164 sent to class SSMenu
17-09-2023	07:51:45	5112	Unknown message 0x00000164 sent to class SSMenu
17-09-2023	07:51:45	5112	Unknown message 0x00000164 sent to class SSMenu
17-09-2023	07:51:45	5112	Unknown message 0x00000164 sent to class SSMenu
17-09-2023	07:51:45	5112	Unknown message 0x00000164 sent to class SSMenu
17-09-2023	07:51:45	5112	Unknown message 0x00000164 sent to class SSMenu
17-09-2023	07:51:45	5112	Unknown message 0x00000164 sent to class SSMenu
17-09-2023	07:51:46	5112	Unknown message 0x00000164 sent to class SSMenu
17-09-2023	07:51:46	5112	Unknown message 0x00000164 sent to class SSMenu
17-09-2023	07:51:46	5112	Unknown message 0x00000164 sent to class SSMenu
17-09-2023	07:51:46	5112	Unknown message 0x00000164 sent to class SSMenu
17-09-2023	07:51:46	5112	Unknown message 0x00000164 sent to class SSMenu
17-09-2023	07:51:46	5112	Unknown message 0x00000164 sent to class SSMenu
17-09-2023	07:51:46	5112	Unknown message 0x00000164 sent to class SSMenu
17-09-2023	07:51:46	5112	Unknown message 0x00000164 sent to class SSMenu
17-09-2023	07:51:46	5112	Unknown message 0x00000164 sent to class SSMenu
17-09-2023	07:51:46	5112	Unknown message 0x00000164 sent to class SSMenu
17-09-2023	07:51:46	5112	Unknown message 0x00000164 sent to class SSMenu
17-09-2023	07:51:46	5112	Unknown message 0x00000164 sent to class SSMenu
17-09-2023	07:51:46	5112	Unknown message 0x00000164 sent to class SSMenu
17-09-2023	07:51:46	5112	Unknown message 0x00000164 sent to class SSMenu
17-09-2023	07:51:46	5112	Unknown message 0x00000164 sent to class SSMenu
17-09-2023	07:51:46	5112	Unknown message 0x00000164 sent to class SSMenu
17-09-2023	07:51:46	5112	Unknown message 0x00000164 sent to class SSMenu
17-09-2023	07:51:46	5112	Unknown message 0x00000164 sent to class SSMenu
17-09-2023	07:51:46	5112	Unknown message 0x00000164 sent to class SSMenu
17-09-2023	07:51:46	5112	Unknown message 0x00000164 sent to class SSMenu
17-09-2023	07:51:46	5112	Unknown message 0x00000164 sent to class SSMenu
17-09-2023	07:51:46	5112	Unknown message 0x00000164 sent to class SSMenu
17-09-2023	07:51:46	5112	Unknown message 0x00000164 sent to class SSMenu
17-09-2023	07:51:46	5112	Unknown message 0x00000164 sent to class SSMenu
17-09-2023	07:51:46	5112	Unknown message 0x00000164 sent to class SSMenu
17-09-2023	07:51:46	5112	Unknown message 0x00000164 sent to class SSMenu
17-09-2023	07:51:46	5112	Unknown message 0x00000164 sent to class SSMenu
17-09-2023	07:51:46	5112	Unknown message 0x00000164 sent to class SSMenu
17-09-2023	07:51:46	5112	Unknown message 0x00000164 sent to class SSMenu
17-09-2023	07:51:46	5112	Unknown message 0x00000164 sent to class SSMenu
17-09-2023	07:51:47	5112	Unknown message 0x00000164 sent to class SSMenu
17-09-2023	07:51:47	5112	Unknown message 0x00000164 sent to class SSMenu
17-09-2023	07:51:47	5112	Unknown message 0x00000164 sent to class SSMenu
17-09-2023	07:51:47	5112	Unknown message 0x00000164 sent to class SSMenu
17-09-2023	07:51:47	5112	Unknown message 0x00000164 sent to class SSMenu
17-09-2023	07:51:47	5112	Unknown message 0x00000164 sent to class SSMenu
17-09-2023	07:51:47	5112	Unknown message 0x00000164 sent to class SSMenu
17-09-2023	07:51:47	5112	Unknown message 0x00000164 sent to class SSMenu
17-09-2023	07:51:47	5112	Unknown message 0x00000164 sent to class SSMenu
17-09-2023	07:51:47	5112	Unknown message 0x00000164 sent to class SSMenu
17-09-2023	07:51:47	5112	Unknown message 0x00000164 sent to class SSMenu
17-09-2023	07:51:47	5112	Unknown message 0x00000164 sent to class SSMenu
17-09-2023	07:51:47	5112	Unknown message 0x00000164 sent to class SSMenu
17-09-2023	07:51:47	5112	Unknown message 0x00000164 sent to class SSMenu
17-09-2023	07:51:47	5112	Unknown message 0x00000164 sent to class SSMenu
17-09-2023	07:51:47	5112	Unknown message 0x00000164 sent to class SSMenu
17-09-2023	07:51:47	5112	Unknown message 0x00000164 sent to class SSMenu
17-09-2023	07:51:47	5112	Unknown message 0x00000164 sent to class SSMenu
17-09-2023	07:51:47	5112	Unknown message 0x00000164 sent to class SSMenu
17-09-2023	07:51:47	5112	Unknown message 0x00000164 sent to class SSMenu
17-09-2023	07:51:47	5112	Unknown message 0x00000164 sent to class SSMenu
17-09-2023	07:51:47	5112	Unknown message 0x00000164 sent to class SSMenu
17-09-2023	07:51:47	5112	Unknown message 0x00000164 sent to class SSMenu
17-09-2023	07:51:47	5112	Unknown message 0x00000164 sent to class SSMenu
17-09-2023	07:51:47	5112	Unknown message 0x00000164 sent to class SSMenu
17-09-2023	07:51:47	5112	Unknown message 0x00000164 sent to class SSMenu
17-09-2023	07:51:47	5112	Unknown message 0x00000164 sent to class SSMenu
17-09-2023	07:51:47	5112	Unknown message 0x00000164 sent to class SSMenu
17-09-2023	07:51:48	5112	Unknown message 0x00000164 sent to class SSMenu
17-09-2023	07:51:48	5112	Unknown message 0x00000164 sent to class SSMenu
17-09-2023	07:51:48	5112	Unknown message 0x00000164 sent to class SSMenu
17-09-2023	07:51:48	5112	Unknown message 0x00000164 sent to class SSMenu
17-09-2023	07:51:48	5112	Unknown message 0x00000164 sent to class SSMenu
17-09-2023	07:51:48	5112	Unknown message 0x00000164 sent to class SSMenu
17-09-2023	07:51:48	5112	Unknown message 0x00000164 sent to class SSMenu
17-09-2023	07:51:48	5112	Unknown message 0x00000164 sent to class SSMenu
17-09-2023	07:51:48	5112	Unknown message 0x00000164 sent to class SSMenu
17-09-2023	07:51:48	5112	Unknown message 0x00000164 sent to class SSMenu
17-09-2023	07:51:48	5112	Unknown message 0x00000164 sent to class SSMenu
17-09-2023	07:51:48	5112	Unknown message 0x00000164 sent to class SSMenu
17-09-2023	07:51:48	5112	Unknown message 0x00000164 sent to class SSMenu
17-09-2023	07:51:48	5112	Unknown message 0x00000164 sent to class SSMenu
17-09-2023	07:51:48	5112	Unknown message 0x00000164 sent to class SSMenu
17-09-2023	07:51:48	5112	Unknown message 0x00000164 sent to class SSMenu
17-09-2023	07:51:48	5112	Unknown message 0x00000164 sent to class SSMenu
17-09-2023	07:51:48	5112	Unknown message 0x00000164 sent to class SSMenu
17-09-2023	07:51:48	5112	Unknown message 0x00000164 sent to class SSMenu
17-09-2023	07:51:48	5112	Unknown message 0x00000164 sent to class SSMenu
17-09-2023	07:51:48	5112	Unknown message 0x00000164 sent to class SSMenu
17-09-2023	07:51:48	5112	Unknown message 0x00000164 sent to class SSMenu
17-09-2023	07:51:48	5112	Unknown message 0x00000164 sent to class SSMenu
17-09-2023	07:51:48	5112	Unknown message 0x00000164 sent to class SSMenu
17-09-2023	07:51:48	5112	Unknown message 0x00000164 sent to class SSMenu
17-09-2023	07:51:48	5112	Unknown message 0x00000164 sent to class SSMenu
17-09-2023	07:51:49	5112	Unknown message 0x00000164 sent to class SSMenu
17-09-2023	07:51:49	5112	Unknown message 0x00000164 sent to class SSMenu
17-09-2023	07:51:49	5112	Unknown message 0x00000164 sent to class SSMenu
17-09-2023	07:51:49	5112	Unknown message 0x00000164 sent to class SSMenu
17-09-2023	07:51:49	5112	Unknown message 0x00000164 sent to class SSMenu
17-09-2023	07:51:49	5112	Unknown message 0x00000164 sent to class SSMenu
17-09-2023	07:51:49	5112	Unknown message 0x00000164 sent to class SSMenu
17-09-2023	07:51:49	5112	Unknown message 0x00000164 sent to class SSMenu
17-09-2023	07:51:49	5112	Unknown message 0x00000164 sent to class SSMenu
17-09-2023	07:51:49	5112	Unknown message 0x00000164 sent to class SSMenu
17-09-2023	07:51:49	5112	Unknown message 0x00000164 sent to class SSMenu
17-09-2023	07:51:49	5112	Unknown message 0x00000164 sent to class SSMenu
17-09-2023	07:51:49	5112	Unknown message 0x00000164 sent to class SSMenu
17-09-2023	07:51:49	5112	Unknown message 0x00000164 sent to class SSMenu
17-09-2023	07:51:49	5112	Unknown message 0x00000164 sent to class SSMenu
17-09-2023	07:51:49	5112	Unknown message 0x00000164 sent to class SSMenu
17-09-2023	07:51:49	5112	Unknown message 0x00000164 sent to class SSMenu
17-09-2023	07:51:49	5112	Unknown message 0x00000164 sent to class SSMenu
17-09-2023	07:51:49	5112	Unknown message 0x00000164 sent to class SSMenu
17-09-2023	07:51:49	5112	Unknown message 0x00000164 sent to class SSMenu
17-09-2023	07:51:49	5112	Unknown message 0x00000164 sent to class SSMenu
17-09-2023	07:51:49	5112	Unknown message 0x00000164 sent to class SSMenu
17-09-2023	07:51:49	5112	Unknown message 0x00000164 sent to class SSMenu
17-09-2023	07:51:49	5112	Unknown message 0x00000164 sent to class SSMenu
17-09-2023	07:51:49	5112	Unknown message 0x00000164 sent to class SSMenu
17-09-2023	07:51:49	5112	Unknown message 0x00000164 sent to class SSMenu
17-09-2023	07:51:49	5112	Unknown message 0x00000164 sent to class SSMenu
17-09-2023	07:51:49	5112	Unknown message 0x00000164 sent to class SSMenu
17-09-2023	07:51:49	5112	Unknown message 0x00000164 sent to class SSMenu
17-09-2023	07:51:49	5112	Unknown message 0x00000164 sent to class SSMenu
17-09-2023	07:51:50	5112	Unknown message 0x00000164 sent to class SSMenu
17-09-2023	07:51:50	5112	Unknown message 0x00000164 sent to class SSMenu
17-09-2023	07:51:50	5112	Unknown message 0x00000164 sent to class SSMenu
17-09-2023	07:51:50	5112	Unknown message 0x00000164 sent to class SSMenu
17-09-2023	07:51:50	5112	Unknown message 0x00000164 sent to class SSMenu
17-09-2023	07:51:50	5112	Unknown message 0x00000164 sent to class SSMenu
17-09-2023	07:51:50	5112	Unknown message 0x00000164 sent to class SSMenu
17-09-2023	07:51:50	5112	Unknown message 0x00000164 sent to class SSMenu
17-09-2023	07:51:50	5112	Unknown message 0x00000164 sent to class SSMenu
17-09-2023	07:51:50	5112	Unknown message 0x00000164 sent to class SSMenu
17-09-2023	07:51:50	5112	Unknown message 0x00000164 sent to class SSMenu
17-09-2023	07:51:50	5112	Unknown message 0x00000164 sent to class SSMenu
17-09-2023	07:51:50	5112	Unknown message 0x00000164 sent to class SSMenu
17-09-2023	07:51:50	5112	Unknown message 0x00000164 sent to class SSMenu
17-09-2023	07:51:50	5112	Unknown message 0x00000164 sent to class SSMenu
17-09-2023	07:51:50	5112	Unknown message 0x00000164 sent to class SSMenu
17-09-2023	07:51:50	5112	Unknown message 0x00000164 sent to class SSMenu
17-09-2023	07:51:50	5112	Unknown message 0x00000164 sent to class SSMenu
17-09-2023	07:51:50	5112	Unknown message 0x00000164 sent to class SSMenu
17-09-2023	07:51:50	5112	Unknown message 0x00000164 sent to class SSMenu
17-09-2023	07:51:50	5112	Unknown message 0x00000164 sent to class SSMenu
17-09-2023	07:51:50	5112	Unknown message 0x00000164 sent to class SSMenu
17-09-2023	07:51:50	5112	Unknown message 0x00000164 sent to class SSMenu
17-09-2023	07:51:50	5112	Unknown message 0x00000164 sent to class SSMenu
17-09-2023	07:51:50	5112	Unknown message 0x00000164 sent to class SSMenu
17-09-2023	07:51:50	5112	Unknown message 0x00000164 sent to class SSMenu
17-09-2023	07:51:50	5112	Unknown message 0x00000164 sent to class SSMenu
17-09-2023	07:51:50	5112	Unknown message 0x00000164 sent to class SSMenu
17-09-2023	07:51:50	5112	Unknown message 0x00000164 sent to class SSMenu
17-09-2023	07:51:50	5112	Unknown message 0x00000164 sent to class SSMenu
17-09-2023	07:51:51	5112	Unknown message 0x00000164 sent to class SSMenu
17-09-2023	07:51:51	5112	Unknown message 0x00000164 sent to class SSMenu
17-09-2023	07:51:51	5112	Unknown message 0x00000164 sent to class SSMenu
17-09-2023	07:51:51	5112	Unknown message 0x00000164 sent to class SSMenu
17-09-2023	07:51:51	5112	Unknown message 0x00000164 sent to class SSMenu
17-09-2023	07:51:51	5112	Unknown message 0x00000164 sent to class SSMenu
17-09-2023	07:51:51	5112	Unknown message 0x00000164 sent to class SSMenu
17-09-2023	07:51:51	5112	Unknown message 0x00000164 sent to class SSMenu
17-09-2023	07:51:51	5112	Unknown message 0x00000164 sent to class SSMenu
17-09-2023	07:51:51	5112	Unknown message 0x00000164 sent to class SSMenu
17-09-2023	07:51:51	5112	Unknown message 0x00000164 sent to class SSMenu
17-09-2023	07:51:51	5112	Unknown message 0x00000164 sent to class SSMenu
17-09-2023	07:51:51	5112	Unknown message 0x00000164 sent to class SSMenu
17-09-2023	07:51:51	5112	Unknown message 0x00000164 sent to class SSMenu
17-09-2023	07:51:51	5112	Unknown message 0x00000164 sent to class SSMenu
17-09-2023	07:51:51	5112	Unknown message 0x00000164 sent to class SSMenu
17-09-2023	07:51:51	5112	Unknown message 0x00000164 sent to class SSMenu
17-09-2023	07:51:51	5112	Unknown message 0x00000164 sent to class SSMenu
17-09-2023	07:51:51	5112	Unknown message 0x00000164 sent to class SSMenu
17-09-2023	07:51:51	5112	Unknown message 0x00000164 sent to class SSMenu
17-09-2023	07:51:51	5112	Unknown message 0x00000164 sent to class SSMenu
17-09-2023	07:51:51	5112	Unknown message 0x00000164 sent to class SSMenu
17-09-2023	07:51:51	5112	Unknown message 0x00000164 sent to class SSMenu
17-09-2023	07:51:51	5112	Unknown message 0x00000164 sent to class SSMenu
17-09-2023	07:51:51	5112	Unknown message 0x00000164 sent to class SSMenu
17-09-2023	07:51:51	5112	Unknown message 0x00000164 sent to class SSMenu
17-09-2023	07:51:51	5112	Unknown message 0x00000164 sent to class SSMenu
17-09-2023	07:51:51	5112	Unknown message 0x00000164 sent to class SSMenu
17-09-2023	07:51:51	5112	Unknown message 0x00000164 sent to class SSMenu
17-09-2023	07:51:51	5112	Unknown message 0x00000164 sent to class SSMenu
17-09-2023	07:51:52	5112	Unknown message 0x00000164 sent to class SSMenu
17-09-2023	07:51:52	5112	Unknown message 0x00000164 sent to class SSMenu
17-09-2023	07:51:52	5112	Unknown message 0x00000164 sent to class SSMenu
17-09-2023	07:51:52	5112	Unknown message 0x00000164 sent to class SSMenu
17-09-2023	07:51:52	5112	Unknown message 0x00000164 sent to class SSMenu
17-09-2023	07:51:52	5112	Unknown message 0x00000164 sent to class SSMenu
17-09-2023	07:51:52	5112	Unknown message 0x00000164 sent to class SSMenu
17-09-2023	07:51:52	5112	Unknown message 0x00000164 sent to class SSMenu
17-09-2023	07:51:52	5112	Unknown message 0x00000164 sent to class SSMenu
17-09-2023	07:51:52	5112	Unknown message 0x00000164 sent to class SSMenu
17-09-2023	07:51:52	5112	Unknown message 0x00000164 sent to class SSMenu
17-09-2023	07:51:52	5112	Unknown message 0x00000164 sent to class SSMenu
17-09-2023	07:51:52	5112	Unknown message 0x00000164 sent to class SSMenu
17-09-2023	07:51:52	5112	Unknown message 0x00000164 sent to class SSMenu
17-09-2023	07:51:52	5112	Unknown message 0x00000164 sent to class SSMenu
17-09-2023	07:51:52	5112	Unknown message 0x00000164 sent to class SSMenu
17-09-2023	07:51:52	5112	Unknown message 0x00000164 sent to class SSMenu
17-09-2023	07:51:52	5112	Unknown message 0x00000164 sent to class SSMenu
17-09-2023	07:51:52	5112	Unknown message 0x00000164 sent to class SSMenu
17-09-2023	07:51:52	5112	Unknown message 0x00000164 sent to class SSMenu
17-09-2023	07:51:52	5112	Unknown message 0x00000164 sent to class SSMenu
17-09-2023	07:51:52	5112	Unknown message 0x00000164 sent to class SSMenu
17-09-2023	07:51:52	5112	Unknown message 0x00000164 sent to class SSMenu
17-09-2023	07:51:52	5112	Unknown message 0x00000164 sent to class SSMenu
17-09-2023	07:51:52	5112	Unknown message 0x00000164 sent to class SSMenu
17-09-2023	07:51:52	5112	Unknown message 0x00000164 sent to class SSMenu
17-09-2023	07:51:52	5112	Unknown message 0x00000164 sent to class SSMenu
17-09-2023	07:51:52	5112	Unknown message 0x00000164 sent to class SSMenu
17-09-2023	07:51:52	5112	Unknown message 0x00000164 sent to class SSMenu
17-09-2023	07:51:52	5112	Unknown message 0x00000164 sent to class SSMenu
17-09-2023	07:51:53	5112	Unknown message 0x00000164 sent to class SSMenu
17-09-2023	07:51:53	5112	Unknown message 0x00000164 sent to class SSMenu
17-09-2023	07:51:53	5112	Unknown message 0x00000164 sent to class SSMenu
17-09-2023	07:51:53	5112	Unknown message 0x00000164 sent to class SSMenu
17-09-2023	07:51:53	5112	Unknown message 0x00000164 sent to class SSMenu
17-09-2023	07:51:53	5112	Unknown message 0x00000164 sent to class SSMenu
17-09-2023	07:51:53	5112	Unknown message 0x00000164 sent to class SSMenu
17-09-2023	07:51:53	5112	Unknown message 0x00000164 sent to class SSMenu
17-09-2023	07:51:53	5112	Unknown message 0x00000164 sent to class SSMenu
17-09-2023	07:51:53	5112	Unknown message 0x00000164 sent to class SSMenu
17-09-2023	07:51:53	5112	Unknown message 0x00000164 sent to class SSMenu
17-09-2023	07:51:53	5112	Unknown message 0x00000164 sent to class SSMenu
17-09-2023	07:51:53	5112	Unknown message 0x00000164 sent to class SSMenu
17-09-2023	07:51:53	5112	Unknown message 0x00000164 sent to class SSMenu
17-09-2023	07:51:53	5112	Unknown message 0x00000164 sent to class SSMenu
17-09-2023	07:51:53	5112	Unknown message 0x00000164 sent to class SSMenu
17-09-2023	07:51:53	5112	Unknown message 0x00000164 sent to class SSMenu
17-09-2023	07:51:53	5112	Unknown message 0x00000164 sent to class SSMenu
17-09-2023	07:51:53	5112	Unknown message 0x00000164 sent to class SSMenu
17-09-2023	07:51:53	5112	Unknown message 0x00000164 sent to class SSMenu
17-09-2023	07:51:53	5112	Unknown message 0x00000164 sent to class SSMenu
17-09-2023	07:51:53	5112	Unknown message 0x00000164 sent to class SSMenu
17-09-2023	07:51:53	5112	Unknown message 0x00000164 sent to class SSMenu
17-09-2023	07:51:53	5112	Unknown message 0x00000164 sent to class SSMenu
17-09-2023	07:51:53	5112	Unknown message 0x00000164 sent to class SSMenu
17-09-2023	07:51:53	5112	Unknown message 0x00000164 sent to class SSMenu
17-09-2023	07:51:53	5112	Unknown message 0x00000164 sent to class SSMenu
17-09-2023	07:51:53	5112	Unknown message 0x00000164 sent to class SSMenu
17-09-2023	07:51:53	5112	Unknown message 0x00000164 sent to class SSMenu
17-09-2023	07:51:53	5112	Unknown message 0x00000164 sent to class SSMenu
17-09-2023	07:51:54	5112	Unknown message 0x00000164 sent to class SSMenu
17-09-2023	07:51:54	5112	Unknown message 0x00000164 sent to class SSMenu
17-09-2023	07:51:54	5112	Unknown message 0x00000164 sent to class SSMenu
17-09-2023	07:51:54	5112	Unknown message 0x00000164 sent to class SSMenu
17-09-2023	07:51:54	5112	Unknown message 0x00000164 sent to class SSMenu
17-09-2023	07:51:54	5112	Unknown message 0x00000164 sent to class SSMenu
17-09-2023	07:51:54	5112	Unknown message 0x00000164 sent to class SSMenu
17-09-2023	07:51:54	5112	Unknown message 0x00000164 sent to class SSMenu
17-09-2023	07:51:54	5112	Unknown message 0x00000164 sent to class SSMenu
17-09-2023	07:51:54	5112	Unknown message 0x00000164 sent to class SSMenu
17-09-2023	07:51:54	5112	Unknown message 0x00000164 sent to class SSMenu
17-09-2023	07:51:54	5112	Unknown message 0x00000164 sent to class SSMenu
17-09-2023	07:51:54	5112	Unknown message 0x00000164 sent to class SSMenu
17-09-2023	07:51:54	5112	Unknown message 0x00000164 sent to class SSMenu
17-09-2023	07:51:54	5112	Unknown message 0x00000164 sent to class SSMenu
17-09-2023	07:51:54	5112	Unknown message 0x00000164 sent to class SSMenu
17-09-2023	07:51:54	5112	Unknown message 0x00000164 sent to class SSMenu
17-09-2023	07:51:54	5112	Unknown message 0x00000164 sent to class SSMenu
17-09-2023	07:51:54	5112	Unknown message 0x00000164 sent to class SSMenu
17-09-2023	07:51:54	5112	Unknown message 0x00000164 sent to class SSMenu
17-09-2023	07:51:54	5112	Unknown message 0x00000164 sent to class SSMenu
17-09-2023	07:51:54	5112	Unknown message 0x00000164 sent to class SSMenu
17-09-2023	07:51:54	5112	Unknown message 0x00000164 sent to class SSMenu
17-09-2023	07:51:54	5112	Unknown message 0x00000164 sent to class SSMenu
17-09-2023	07:51:54	5112	Unknown message 0x00000164 sent to class SSMenu
17-09-2023	07:51:54	5112	Unknown message 0x00000164 sent to class SSMenu
17-09-2023	07:51:54	5112	Unknown message 0x00000164 sent to class SSMenu
17-09-2023	07:51:54	5112	Unknown message 0x00000164 sent to class SSMenu
17-09-2023	07:51:54	5112	Unknown message 0x00000164 sent to class SSMenu
17-09-2023	07:51:54	5112	Unknown message 0x00000164 sent to class SSMenu
17-09-2023	07:51:55	5112	Unknown message 0x00000164 sent to class SSMenu
17-09-2023	07:51:55	5112	Unknown message 0x00000164 sent to class SSMenu
17-09-2023	07:51:55	5112	Unknown message 0x00000164 sent to class SSMenu
17-09-2023	07:51:55	5112	Unknown message 0x00000164 sent to class SSMenu
17-09-2023	07:51:55	5112	Unknown message 0x00000164 sent to class SSMenu
17-09-2023	07:51:55	5112	Unknown message 0x00000164 sent to class SSMenu
17-09-2023	07:51:55	5112	Unknown message 0x00000164 sent to class SSMenu
17-09-2023	07:51:55	5112	Unknown message 0x00000164 sent to class SSMenu
17-09-2023	07:51:55	5112	Unknown message 0x00000164 sent to class SSMenu
17-09-2023	07:51:55	5112	Unknown message 0x00000164 sent to class SSMenu
17-09-2023	07:51:55	5112	Unknown message 0x00000164 sent to class SSMenu
17-09-2023	07:51:55	5112	Unknown message 0x00000164 sent to class SSMenu
17-09-2023	07:51:55	5112	Unknown message 0x00000164 sent to class SSMenu
17-09-2023	07:51:55	5112	Unknown message 0x00000164 sent to class SSMenu
17-09-2023	07:51:55	5112	Unknown message 0x00000164 sent to class SSMenu
17-09-2023	07:51:55	5112	Unknown message 0x00000164 sent to class SSMenu
17-09-2023	07:51:55	5112	Unknown message 0x00000164 sent to class SSMenu
17-09-2023	07:51:55	5112	Unknown message 0x00000164 sent to class SSMenu
17-09-2023	07:51:55	5112	Unknown message 0x00000164 sent to class SSMenu
17-09-2023	07:51:55	5112	Unknown message 0x00000164 sent to class SSMenu
17-09-2023	07:51:55	5112	Unknown message 0x00000164 sent to class SSMenu
17-09-2023	07:51:55	5112	Unknown message 0x00000164 sent to class SSMenu
17-09-2023	07:51:55	5112	Unknown message 0x00000164 sent to class SSMenu
17-09-2023	07:51:55	5112	Unknown message 0x00000164 sent to class SSMenu
17-09-2023	07:51:55	5112	Unknown message 0x00000164 sent to class SSMenu
17-09-2023	07:51:55	5112	Unknown message 0x00000164 sent to class SSMenu
17-09-2023	07:51:55	5112	Unknown message 0x00000164 sent to class SSMenu
17-09-2023	07:51:55	5112	Unknown message 0x00000164 sent to class SSMenu
17-09-2023	07:51:55	5112	Unknown message 0x00000164 sent to class SSMenu
17-09-2023	07:51:55	5112	Unknown message 0x00000164 sent to class SSMenu
17-09-2023	07:51:56	5112	Unknown message 0x00000164 sent to class SSMenu
17-09-2023	07:51:56	5112	Unknown message 0x00000164 sent to class SSMenu
17-09-2023	07:51:56	5112	Unknown message 0x00000164 sent to class SSMenu
17-09-2023	07:51:56	5112	Unknown message 0x00000164 sent to class SSMenu
17-09-2023	07:51:56	5112	Unknown message 0x00000164 sent to class SSMenu
17-09-2023	07:51:56	5112	Unknown message 0x00000164 sent to class SSMenu
17-09-2023	07:51:56	5112	Unknown message 0x00000164 sent to class SSMenu
17-09-2023	07:51:56	5112	Unknown message 0x00000164 sent to class SSMenu
17-09-2023	07:51:56	5112	Unknown message 0x00000164 sent to class SSMenu
17-09-2023	07:51:56	5112	Unknown message 0x00000164 sent to class SSMenu
17-09-2023	07:51:56	5112	Unknown message 0x00000164 sent to class SSMenu
17-09-2023	07:51:56	5112	Unknown message 0x00000164 sent to class SSMenu
17-09-2023	07:51:56	5112	Unknown message 0x00000164 sent to class SSMenu
17-09-2023	07:51:56	5112	Unknown message 0x00000164 sent to class SSMenu
17-09-2023	07:51:56	5112	Unknown message 0x00000164 sent to class SSMenu
17-09-2023	07:51:56	5112	Unknown message 0x00000164 sent to class SSMenu
17-09-2023	07:51:56	5112	Unknown message 0x00000164 sent to class SSMenu
17-09-2023	07:51:56	5112	Unknown message 0x00000164 sent to class SSMenu
17-09-2023	07:51:56	5112	Unknown message 0x00000164 sent to class SSMenu
17-09-2023	07:51:56	5112	Unknown message 0x00000164 sent to class SSMenu
17-09-2023	07:51:56	5112	Unknown message 0x00000164 sent to class SSMenu
17-09-2023	07:51:56	5112	Unknown message 0x00000164 sent to class SSMenu
17-09-2023	07:51:56	5112	Unknown message 0x00000164 sent to class SSMenu
17-09-2023	07:51:56	5112	Unknown message 0x00000164 sent to class SSMenu
17-09-2023	07:51:56	5112	Unknown message 0x00000164 sent to class SSMenu
17-09-2023	07:51:56	5112	Unknown message 0x00000164 sent to class SSMenu
17-09-2023	07:51:56	5112	Unknown message 0x00000164 sent to class SSMenu
17-09-2023	07:51:56	5112	Unknown message 0x00000164 sent to class SSMenu
17-09-2023	07:51:56	5112	Unknown message 0x00000164 sent to class SSMenu
17-09-2023	07:51:56	5112	Unknown message 0x00000164 sent to class SSMenu
17-09-2023	07:51:57	5112	Unknown message 0x00000164 sent to class SSMenu
17-09-2023	07:51:57	5112	Unknown message 0x00000164 sent to class SSMenu
17-09-2023	07:51:57	5112	Unknown message 0x00000164 sent to class SSMenu
17-09-2023	07:51:57	5112	Unknown message 0x00000164 sent to class SSMenu
17-09-2023	07:51:57	5112	Unknown message 0x00000164 sent to class SSMenu
17-09-2023	07:51:57	5112	Unknown message 0x00000164 sent to class SSMenu
17-09-2023	07:51:57	5112	Unknown message 0x00000164 sent to class SSMenu
17-09-2023	07:51:57	5112	Unknown message 0x00000164 sent to class SSMenu
17-09-2023	07:51:57	5112	Unknown message 0x00000164 sent to class SSMenu
17-09-2023	07:51:57	5112	Unknown message 0x00000164 sent to class SSMenu
17-09-2023	07:51:57	5112	Unknown message 0x00000164 sent to class SSMenu
17-09-2023	07:51:57	5112	Unknown message 0x00000164 sent to class SSMenu
17-09-2023	07:51:57	5112	Unknown message 0x00000164 sent to class SSMenu
17-09-2023	07:51:57	5112	Unknown message 0x00000164 sent to class SSMenu
17-09-2023	07:51:57	5112	Unknown message 0x00000164 sent to class SSMenu
17-09-2023	07:51:57	5112	Unknown message 0x00000164 sent to class SSMenu
17-09-2023	07:51:57	5112	Unknown message 0x00000164 sent to class SSMenu
17-09-2023	07:51:57	5112	Unknown message 0x00000164 sent to class SSMenu
17-09-2023	07:51:57	5112	Unknown message 0x00000164 sent to class SSMenu
17-09-2023	07:51:57	5112	Unknown message 0x00000164 sent to class SSMenu
17-09-2023	07:51:57	5112	Unknown message 0x00000164 sent to class SSMenu
17-09-2023	07:51:57	5112	Unknown message 0x00000164 sent to class SSMenu
17-09-2023	07:51:57	5112	Unknown message 0x00000164 sent to class SSMenu
17-09-2023	07:51:57	5112	Unknown message 0x00000164 sent to class SSMenu
17-09-2023	07:51:57	5112	Unknown message 0x00000164 sent to class SSMenu
17-09-2023	07:51:57	5112	Unknown message 0x00000164 sent to class SSMenu
17-09-2023	07:51:57	5112	Unknown message 0x00000164 sent to class SSMenu
17-09-2023	07:51:57	5112	Unknown message 0x00000164 sent to class SSMenu
17-09-2023	07:51:57	5112	Unknown message 0x00000164 sent to class SSMenu
17-09-2023	07:51:57	5112	Unknown message 0x00000164 sent to class SSMenu
17-09-2023	07:51:58	5112	Unknown message 0x00000164 sent to class SSMenu
17-09-2023	07:51:58	5112	Unknown message 0x00000164 sent to class SSMenu
17-09-2023	07:51:58	5112	Unknown message 0x00000164 sent to class SSMenu
17-09-2023	07:51:58	5112	Unknown message 0x00000164 sent to class SSMenu
17-09-2023	07:51:58	5112	Unknown message 0x00000164 sent to class SSMenu
17-09-2023	07:51:58	5112	Unknown message 0x00000164 sent to class SSMenu
17-09-2023	07:51:58	5112	Unknown message 0x00000164 sent to class SSMenu
17-09-2023	07:51:58	5112	Unknown message 0x00000164 sent to class SSMenu
17-09-2023	07:51:58	5112	Unknown message 0x00000164 sent to class SSMenu
17-09-2023	07:51:58	5112	Unknown message 0x00000164 sent to class SSMenu
17-09-2023	07:51:58	5112	Unknown message 0x00000164 sent to class SSMenu
17-09-2023	07:51:58	5112	Unknown message 0x00000164 sent to class SSMenu
17-09-2023	07:51:58	5112	Unknown message 0x00000164 sent to class SSMenu
17-09-2023	07:51:58	5112	Unknown message 0x00000164 sent to class SSMenu
17-09-2023	07:51:58	5112	Unknown message 0x00000164 sent to class SSMenu
17-09-2023	07:51:58	5112	Unknown message 0x00000164 sent to class SSMenu
17-09-2023	07:51:58	5112	Unknown message 0x00000164 sent to class SSMenu
17-09-2023	07:51:58	5112	Unknown message 0x00000164 sent to class SSMenu
17-09-2023	07:52:01	5112	Unknown message 0x00000090 sent to class SSMenu
17-09-2023	07:52:01	5112	Unknown message 0x00000090 sent to class SSMenu
17-09-2023	07:52:29	17300	Add watch for window when created 000210c4 - SSMenu
17-09-2023	07:52:29	5112	Adding window watch
17-09-2023	07:52:29	17300	Trying to add watch for window when one exists 000210c4
17-09-2023	07:52:29	5112	Adding watch for window 000210c4
17-09-2023	07:52:34	5112	Unknown message 0x00000090 sent to class SSMenu
17-09-2023	07:52:34	5112	Unknown message 0x00000090 sent to class SSMenu
17-09-2023	07:55:51	17300	Stopping Winspector...bye
17-09-2023	07:55:51	17300	Finished watcher thread message loop
17-09-2023	07:55:51	17300	Sending message for stopping hooks
17-09-2023	07:55:51	5112	Detaching from process C:\Program Files\FMGlobal\Horizon\hznhorizon.exe
17-09-2023	07:55:51	5112	Detached from process C:\Program Files\FMGlobal\Horizon\hznhorizon.exe
17-09-2023	07:55:51	17048	Detaching from process C:\Program Files\FMGlobal\Horizon\hznHorizonMgr.exe
17-09-2023	07:55:51	17048	Detached from process C:\Program Files\FMGlobal\Horizon\hznHorizonMgr.exe
17-09-2023	07:55:51	17300	Detaching from process C:\Users\bacona\OneDrive - FM Global\AHK.Main\Winspector\WinspectorU.exe
17-09-2023	07:55:51	17300	Detached from process C:\Users\bacona\OneDrive - FM Global\AHK.Main\Winspector\WinspectorU.exe
17-09-2023	07:55:51	15308	Detaching from process C:\Program Files (x86)\Cisco Systems\Cisco Jabber\CiscoJabber.exe
17-09-2023	07:55:51	15308	Detached from process C:\Program Files (x86)\Cisco Systems\Cisco Jabber\CiscoJabber.exe
17-09-2023	07:55:51	19400	Detaching from process C:\Program Files (x86)\Cisco\Cisco AnyConnect Secure Mobility Client\vpnui.exe
17-09-2023	07:55:51	19400	Detached from process C:\Program Files (x86)\Cisco\Cisco AnyConnect Secure Mobility Client\vpnui.exe
17-09-2023	07:55:51	17300	Stopped main hooks
